<?xml version="1.0" encoding="UTF-8"?>
<testsuite xmlns:xsi="http://www.w3.org/2001/XMLSchema-instance" xsi:noNamespaceSchemaLocation="https://maven.apache.org/surefire/maven-surefire-plugin/xsd/surefire-test-report.xsd" name="TestScript.DashboardTest" time="32.143" tests="2" errors="0" skipped="0" failures="0">
  <properties>
[...]
</properties>
  <testcase name="LoginTest" classname="TestScript.DashboardTest" time="1.147"/>
  <testcase name="DahsboradTest" classname="TestScript.DashboardTest" time="16.912"/>
</testsuite>