<?xml version="1.0" encoding="UTF-8"?>
<testng-results ignored="0" total="2" passed="2" failed="0" skipped="0">
  <reporter-output>
  </reporter-output>
  <suite started-at="2023-05-23T13:44:05 IST" name="Surefire suite" finished-at="2023-05-23T13:44:36 IST" duration-ms="30719">
    <groups>
    </groups>
    <test started-at="2023-05-23T13:44:05 IST" name="Surefire test" finished-at="2023-05-23T13:44:36 IST" duration-ms="30719">
      <class name="TestScript.DashboardTest">
        <test-method is-config="true" signature="SetUp()[pri:0, instance:TestScript.DashboardTest@47e2e487]" started-at="2023-05-23T13:44:05 IST" name="SetUp" finished-at="2023-05-23T13:44:18 IST" duration-ms="12581" status="PASS">
          <reporter-output>
          </reporter-output>
        </test-method> <!-- SetUp -->
        <test-method signature="LoginTest()[pri:1, instance:TestScript.DashboardTest@47e2e487]" started-at="2023-05-23T13:44:18 IST" name="LoginTest" finished-at="2023-05-23T13:44:19 IST" duration-ms="1155" status="PASS">
          <reporter-output>
          </reporter-output>
        </test-method> <!-- LoginTest -->
        <test-method signature="DahsboradTest()[pri:2, instance:TestScript.DashboardTest@47e2e487]" started-at="2023-05-23T13:44:19 IST" name="DahsboradTest" finished-at="2023-05-23T13:44:36 IST" duration-ms="16912" status="PASS">
          <reporter-output>
          </reporter-output>
        </test-method> <!-- DahsboradTest -->
        <test-method is-config="true" signature="afterClass()[pri:0, instance:TestScript.DashboardTest@47e2e487]" started-at="2023-05-23T13:44:36 IST" name="afterClass" finished-at="2023-05-23T13:44:36 IST" duration-ms="1" status="PASS">
          <reporter-output>
          </reporter-output>
        </test-method> <!-- afterClass -->
      </class> <!-- TestScript.DashboardTest -->
    </test> <!-- Surefire test -->
  </suite> <!-- Surefire suite -->
</testng-results>
