<?xml version="1.0" encoding="UTF-8"?>
<testng-results ignored="0" total="2" passed="2" failed="0" skipped="0">
  <reporter-output>
  </reporter-output>
  <suite started-at="2023-05-24T19:11:31 IST" name="Suite" finished-at="2023-05-24T19:11:55 IST" duration-ms="23989">
    <groups>
    </groups>
    <test started-at="2023-05-24T19:11:31 IST" name="Test" finished-at="2023-05-24T19:11:55 IST" duration-ms="23989">
      <class name="TestScript.DashboardTest">
        <test-method is-config="true" signature="SetUp()[pri:0, instance:TestScript.DashboardTest@2de56eb2]" started-at="2023-05-24T19:11:31 IST" name="SetUp" finished-at="2023-05-24T19:11:40 IST" duration-ms="9084" status="PASS">
          <reporter-output>
          </reporter-output>
        </test-method> <!-- SetUp -->
        <test-method signature="LoginTest()[pri:1, instance:TestScript.DashboardTest@2de56eb2]" started-at="2023-05-24T19:11:40 IST" name="LoginTest" finished-at="2023-05-24T19:11:41 IST" duration-ms="1086" status="PASS">
          <reporter-output>
          </reporter-output>
        </test-method> <!-- LoginTest -->
        <test-method signature="DahsboradTest()[pri:2, instance:TestScript.DashboardTest@2de56eb2]" started-at="2023-05-24T19:11:41 IST" name="DahsboradTest" finished-at="2023-05-24T19:11:54 IST" duration-ms="13257" status="PASS">
          <reporter-output>
          </reporter-output>
        </test-method> <!-- DahsboradTest -->
        <test-method is-config="true" signature="afterClass()[pri:0, instance:TestScript.DashboardTest@2de56eb2]" started-at="2023-05-24T19:11:54 IST" name="afterClass" finished-at="2023-05-24T19:11:55 IST" duration-ms="453" status="PASS">
          <reporter-output>
          </reporter-output>
        </test-method> <!-- afterClass -->
      </class> <!-- TestScript.DashboardTest -->
    </test> <!-- Test -->
  </suite> <!-- Suite -->
</testng-results>
